2026-04-14 19:41:27 [main] INFO  c.s.f.FaceDetectionServicesApplication - Starting FaceDetectionServicesApplication using Java 17.0.0.1 with PID 27944 (D:\swagatika_Projects\SpringMonolythic\3c-backend-main\3c-backend\target\classes started by HP in D:\swagatika_Projects\SpringMonolythic\3c-backend-main\3c-backend)
2026-04-14 19:41:27 [main] INFO  c.s.f.FaceDetectionServicesApplication - The following 1 profile is active: "kloudspot"
2026-04-14 19:41:27 [main] INFO  o.s.d.r.c.RepositoryConfigurationDelegate - Bootstrapping Spring Data JPA repositories in DEFAULT mode.
2026-04-14 19:41:28 [main] INFO  o.s.d.r.c.RepositoryConfigurationDelegate - Finished Spring Data repository scanning in 121 ms. Found 7 JPA repository interfaces.
2026-04-14 19:41:28 [main] INFO  o.s.b.w.e.tomcat.TomcatWebServer - Tomcat initialized with port 9090 (http)
2026-04-14 19:41:28 [main] INFO  o.a.coyote.http11.Http11NioProtocol - Initializing ProtocolHandler ["http-nio-9090"]
2026-04-14 19:41:28 [main] INFO  o.a.catalina.core.StandardService - Starting service [Tomcat]
2026-04-14 19:41:28 [main] INFO  o.a.catalina.core.StandardEngine - Starting Servlet engine: [Apache Tomcat/10.1.31]
2026-04-14 19:41:28 [main] INFO  o.a.c.c.C.[Tomcat].[localhost].[/] - Initializing Spring embedded WebApplicationContext
2026-04-14 19:41:28 [main] INFO  o.s.b.w.s.c.ServletWebServerApplicationContext - Root WebApplicationContext: initialization completed in 1215 ms
2026-04-14 19:41:28 [main] INFO  o.h.jpa.internal.util.LogHelper - HHH000204: Processing PersistenceUnitInfo [name: default]
2026-04-14 19:41:28 [main] INFO  org.hibernate.Version - HHH000412: Hibernate ORM core version 6.5.3.Final
2026-04-14 19:41:28 [main] INFO  o.h.c.i.RegionFactoryInitiator - HHH000026: Second-level cache disabled
2026-04-14 19:41:29 [main] INFO  o.s.o.j.p.SpringPersistenceUnitInfo - No LoadTimeWeaver setup: ignoring JPA class transformer
2026-04-14 19:41:29 [main] INFO  com.zaxxer.hikari.HikariDataSource - HikariPool-1 - Starting...
2026-04-14 19:41:29 [main] INFO  com.zaxxer.hikari.pool.HikariPool - HikariPool-1 - Added connection com.mysql.cj.jdbc.ConnectionImpl@79e16dd9
2026-04-14 19:41:29 [main] INFO  com.zaxxer.hikari.HikariDataSource - HikariPool-1 - Start completed.
2026-04-14 19:41:29 [main] WARN  org.hibernate.orm.deprecation - HHH90000025: MySQLDialect does not need to be specified explicitly using 'hibernate.dialect' (remove the property setting and it will be selected by default)
2026-04-14 19:41:30 [main] INFO  o.h.e.t.j.p.i.JtaPlatformInitiator - HHH000489: No JTA platform available (set 'hibernate.transaction.jta.platform' to enable JTA platform integration)
2026-04-14 19:41:31 [main] INFO  o.s.o.j.LocalContainerEntityManagerFactoryBean - Initialized JPA EntityManagerFactory for persistence unit 'default'
2026-04-14 19:41:31 [main] INFO  o.s.d.j.r.query.QueryEnhancerFactory - Hibernate is in classpath; If applicable, HQL parser will be used.
2026-04-14 19:41:31 [main] INFO  o.s.s.c.a.a.c.InitializeUserDetailsBeanManagerConfigurer$InitializeUserDetailsManagerConfigurer - Global AuthenticationManager configured with UserDetailsService bean with name customUserDetailsService
2026-04-14 19:41:31 [main] INFO  c.s.f.S.Config.WebClientConfig - Initializing WebClient for Kloudspot APIs. Base URL=https://3c.zdotapps.in
2026-04-14 19:41:32 [main] WARN  o.s.b.a.o.j.JpaBaseConfiguration$JpaWebConfiguration - spring.jpa.open-in-view is enabled by default. Therefore, database queries may be performed during view rendering. Explicitly configure spring.jpa.open-in-view to disable this warning
2026-04-14 19:41:32 [main] INFO  c.s.f.Security.Config.SecurityConfig - CORS configuration loaded for Angular frontend
2026-04-14 19:41:32 [main] INFO  c.s.f.Security.Config.SecurityConfig - Security configuration loaded
2026-04-14 19:41:32 [main] INFO  o.a.coyote.http11.Http11NioProtocol - Starting ProtocolHandler ["http-nio-9090"]
2026-04-14 19:41:32 [main] INFO  o.s.b.w.e.tomcat.TomcatWebServer - Tomcat started on port 9090 (http) with context path '/'
2026-04-14 19:41:32 [main] INFO  c.s.f.FaceDetectionServicesApplication - Started FaceDetectionServicesApplication in 5.693 seconds (process running for 6.167)
