2026-04-02 10:12:08 [main] INFO  c.s.f.FaceDetectionServicesApplication - Starting FaceDetectionServicesApplication using Java 17.0.0.1 with PID 10604 (D:\swagatika_Projects\MicroservicesProject\Face_Detection_Services\target\classes started by HP in D:\swagatika_Projects\MicroservicesProject\face_detection_services)
2026-04-02 10:12:08 [main] INFO  c.s.f.FaceDetectionServicesApplication - The following 1 profile is active: "kloudspot"
2026-04-02 10:12:09 [main] INFO  o.s.d.r.c.RepositoryConfigurationDelegate - Bootstrapping Spring Data JPA repositories in DEFAULT mode.
2026-04-02 10:12:09 [main] INFO  o.s.d.r.c.RepositoryConfigurationDelegate - Finished Spring Data repository scanning in 144 ms. Found 6 JPA repository interfaces.
2026-04-02 10:12:10 [main] INFO  o.s.boot.tomcat.TomcatWebServer - Tomcat initialized with port 9090 (http)
2026-04-02 10:12:10 [main] INFO  o.a.catalina.core.StandardService - Starting service [Tomcat]
2026-04-02 10:12:10 [main] INFO  o.a.catalina.core.StandardEngine - Starting Servlet engine: [Apache Tomcat/11.0.14]
2026-04-02 10:12:10 [main] INFO  o.s.b.w.c.s.WebApplicationContextInitializer - Root WebApplicationContext: initialization completed in 1486 ms
2026-04-02 10:12:10 [main] INFO  o.h.jpa.internal.util.LogHelper - HHH000204: Processing PersistenceUnitInfo [name: default]
2026-04-02 10:12:10 [main] INFO  org.hibernate.Version - HHH000412: Hibernate ORM core version 7.1.8.Final
2026-04-02 10:12:11 [main] INFO  o.s.o.j.p.SpringPersistenceUnitInfo - No LoadTimeWeaver setup: ignoring JPA class transformer
2026-04-02 10:12:11 [main] INFO  com.zaxxer.hikari.HikariDataSource - HikariPool-1 - Starting...
2026-04-02 10:12:11 [main] INFO  com.zaxxer.hikari.pool.HikariPool - HikariPool-1 - Added connection org.postgresql.jdbc.PgConnection@4eb73cc8
2026-04-02 10:12:11 [main] INFO  com.zaxxer.hikari.HikariDataSource - HikariPool-1 - Start completed.
2026-04-02 10:12:11 [main] WARN  org.hibernate.orm.deprecation - HHH90000025: PostgreSQLDialect does not need to be specified explicitly using 'hibernate.dialect' (remove the property setting and it will be selected by default)
2026-04-02 10:12:11 [main] INFO  o.hibernate.orm.connections.pooling - HHH10001005: Database info:
	Database JDBC URL [jdbc:postgresql://localhost:5432/face_detection_app]
	Database driver: PostgreSQL JDBC Driver
	Database dialect: PostgreSQLDialect
	Database version: 18.3
	Default catalog/schema: face_detection_app/public
	Autocommit mode: undefined/unknown
	Isolation level: READ_COMMITTED [default READ_COMMITTED]
	JDBC fetch size: none
	Pool: DatasourceConnectionProviderImpl
	Minimum pool size: undefined/unknown
	Maximum pool size: undefined/unknown
2026-04-02 10:12:12 [main] INFO  o.h.e.t.j.p.i.JtaPlatformInitiator - HHH000489: No JTA platform available (set 'hibernate.transaction.jta.platform' to enable JTA platform integration)
2026-04-02 10:12:12 [main] DEBUG org.hibernate.SQL - 
    set client_min_messages = WARNING
2026-04-02 10:12:12 [main] DEBUG org.hibernate.SQL - 
    alter table if exists employee_data 
       drop constraint if exists FKt0nd28wscn1kxl1lx42kpn4wa
2026-04-02 10:12:12 [main] DEBUG org.hibernate.SQL - 
    alter table if exists face_images 
       drop constraint if exists FKnw9n2l2dsw47q11pk76xjwkoe
2026-04-02 10:12:12 [main] DEBUG org.hibernate.SQL - 
    alter table if exists user_roles 
       drop constraint if exists FKh8ciramu9cc9q3qcqiv4ue8a6
2026-04-02 10:12:12 [main] DEBUG org.hibernate.SQL - 
    alter table if exists user_roles 
       drop constraint if exists FKhfh9dx7w3ubf1co1vdev94g3f
2026-04-02 10:12:12 [main] DEBUG org.hibernate.SQL - 
    drop table if exists employee_data cascade
2026-04-02 10:12:12 [main] DEBUG org.hibernate.SQL - 
    drop table if exists face_images cascade
2026-04-02 10:12:12 [main] DEBUG org.hibernate.SQL - 
    drop table if exists face_registry cascade
2026-04-02 10:12:12 [main] DEBUG org.hibernate.SQL - 
    drop table if exists roles cascade
2026-04-02 10:12:12 [main] DEBUG org.hibernate.SQL - 
    drop table if exists user_roles cascade
2026-04-02 10:12:12 [main] DEBUG org.hibernate.SQL - 
    drop table if exists users cascade
2026-04-02 10:12:12 [main] DEBUG org.hibernate.SQL - 
    create table employee_data (
        id bigint generated by default as identity,
        user_id bigint unique,
        employee_id varchar(255) unique,
        first_name varchar(255),
        last_name varchar(255),
        primary key (id)
    )
2026-04-02 10:12:12 [main] DEBUG org.hibernate.SQL - 
    create table face_images (
        employee_id bigint,
        id bigint generated by default as identity,
        image_path varchar(255),
        primary key (id)
    )
2026-04-02 10:12:12 [main] DEBUG org.hibernate.SQL - 
    create table face_registry (
        id bigint generated by default as identity,
        email varchar(255),
        employee_id varchar(255),
        entity_id varchar(255),
        first_name varchar(255),
        last_name varchar(255),
        primary key (id)
    )
2026-04-02 10:12:12 [main] DEBUG org.hibernate.SQL - 
    create table roles (
        id bigint generated by default as identity,
        name varchar(255) not null unique,
        primary key (id)
    )
2026-04-02 10:12:12 [main] DEBUG org.hibernate.SQL - 
    create table user_roles (
        id bigint generated by default as identity,
        role_id bigint not null,
        user_id bigint not null,
        primary key (id)
    )
2026-04-02 10:12:12 [main] DEBUG org.hibernate.SQL - 
    create table users (
        enabled boolean not null,
        id bigint generated by default as identity,
        email varchar(255) not null unique,
        password varchar(255) not null,
        primary key (id)
    )
2026-04-02 10:12:12 [main] DEBUG org.hibernate.SQL - 
    alter table if exists employee_data 
       add constraint FKt0nd28wscn1kxl1lx42kpn4wa 
       foreign key (user_id) 
       references users
2026-04-02 10:12:12 [main] DEBUG org.hibernate.SQL - 
    alter table if exists face_images 
       add constraint FKnw9n2l2dsw47q11pk76xjwkoe 
       foreign key (employee_id) 
       references employee_data
2026-04-02 10:12:12 [main] DEBUG org.hibernate.SQL - 
    alter table if exists user_roles 
       add constraint FKh8ciramu9cc9q3qcqiv4ue8a6 
       foreign key (role_id) 
       references roles
2026-04-02 10:12:12 [main] DEBUG org.hibernate.SQL - 
    alter table if exists user_roles 
       add constraint FKhfh9dx7w3ubf1co1vdev94g3f 
       foreign key (user_id) 
       references users
2026-04-02 10:12:12 [main] INFO  o.s.o.j.LocalContainerEntityManagerFactoryBean - Initialized JPA EntityManagerFactory for persistence unit 'default'
2026-04-02 10:12:12 [main] INFO  o.s.d.j.r.q.QueryEnhancerFactories - Hibernate is in classpath; If applicable, HQL parser will be used.
2026-04-02 10:12:12 [main] INFO  o.s.s.c.a.a.c.InitializeUserDetailsBeanManagerConfigurer$InitializeUserDetailsManagerConfigurer - Global AuthenticationManager configured with UserDetailsService bean with name customUserDetailsService
2026-04-02 10:12:13 [main] WARN  o.s.b.w.s.s.c.AnnotationConfigServletWebServerApplicationContext - Exception encountered during context initialization - cancelling refresh attempt: org.springframework.beans.factory.UnsatisfiedDependencyException: Error creating bean with name 'org.springframework.security.config.annotation.web.configuration.WebSecurityConfiguration': Unsatisfied dependency expressed through method 'setFilterChains' parameter 0: Error creating bean with name 'securityFilterChain' defined in class path resource [com/stations/facedetection/Security/Config/SecurityConfig.class]: Unsatisfied dependency expressed through method 'securityFilterChain' parameter 0: Error creating bean with name 'org.springframework.security.config.annotation.web.configuration.HttpSecurityConfiguration': Unsatisfied dependency expressed through method 'setContentNegotiationStrategy' parameter 0: Error creating bean with name 'mvcContentNegotiationManager' defined in class path resource [org/springframework/boot/webmvc/autoconfigure/WebMvcAutoConfiguration$EnableWebMvcConfiguration.class]: Failed to instantiate [org.springframework.web.accept.ContentNegotiationManager]: Factory method 'mvcContentNegotiationManager' threw exception with message: Error creating bean with name 'serverConvertersCustomizer' defined in class path resource [org/springframework/boot/http/converter/autoconfigure/HttpMessageConvertersAutoConfiguration.class]: Failed to instantiate [org.springframework.boot.http.converter.autoconfigure.ServerHttpMessageConvertersCustomizer]: Factory method 'serverConvertersCustomizer' threw exception with message: Error creating bean with name 'jacksonJsonHttpMessageConverter' defined in class path resource [org/springframework/boot/http/converter/autoconfigure/JacksonHttpMessageConvertersConfiguration$JacksonJsonHttpMessageConverterConfiguration.class]: Unsatisfied dependency expressed through method 'jacksonJsonHttpMessageConverter' parameter 0: Error creating bean with name 'jacksonJsonMapper' defined in class path resource [org/springframework/boot/jackson/autoconfigure/JacksonAutoConfiguration.class]: Unsatisfied dependency expressed through method 'jacksonJsonMapper' parameter 0: Error creating bean with name 'jsonMapperBuilder' defined in class path resource [org/springframework/boot/jackson/autoconfigure/JacksonAutoConfiguration.class]: Unsatisfied dependency expressed through method 'jsonMapperBuilder' parameter 0: Error creating bean with name 'standardJsonMapperBuilderCustomizer' defined in class path resource [org/springframework/boot/jackson/autoconfigure/JacksonAutoConfiguration$JacksonJsonMapperBuilderCustomizerConfiguration.class]: Unsatisfied dependency expressed through method 'standardJsonMapperBuilderCustomizer' parameter 0: Error creating bean with name 'spring.jackson-org.springframework.boot.jackson.autoconfigure.JacksonProperties': Could not bind properties to 'JacksonProperties' : prefix=spring.jackson, ignoreInvalidFields=false, ignoreUnknownFields=true
2026-04-02 10:12:13 [main] INFO  o.s.o.j.LocalContainerEntityManagerFactoryBean - Closing JPA EntityManagerFactory for persistence unit 'default'
2026-04-02 10:12:13 [main] INFO  com.zaxxer.hikari.HikariDataSource - HikariPool-1 - Shutdown initiated...
2026-04-02 10:12:13 [main] INFO  com.zaxxer.hikari.HikariDataSource - HikariPool-1 - Shutdown completed.
2026-04-02 10:12:13 [main] INFO  o.a.catalina.core.StandardService - Stopping service [Tomcat]
2026-04-02 10:12:13 [main] INFO  o.s.b.a.l.ConditionEvaluationReportLogger - 

Error starting ApplicationContext. To display the condition evaluation report re-run your application with 'debug' enabled.
2026-04-02 10:12:13 [main] ERROR o.s.b.d.LoggingFailureAnalysisReporter - 

***************************
APPLICATION FAILED TO START
***************************

Description:

Failed to bind properties under 'spring.jackson.serialization' to java.util.Map<tools.jackson.databind.SerializationFeature, java.lang.Boolean>:

    Reason: failed to convert java.lang.String to tools.jackson.databind.SerializationFeature (caused by java.lang.IllegalArgumentException: No enum constant tools.jackson.databind.SerializationFeature.write-dates-as-timestamps)

Action:

Update your application's configuration. The following values are valid:

    CLOSE_CLOSEABLE
    EAGER_SERIALIZER_FETCH
    FAIL_ON_EMPTY_BEANS
    FAIL_ON_ORDER_MAP_BY_INCOMPARABLE_KEY
    FAIL_ON_SELF_REFERENCES
    FAIL_ON_UNWRAPPED_TYPE_IDENTIFIERS
    FLUSH_AFTER_WRITE_VALUE
    INDENT_OUTPUT
    ORDER_MAP_ENTRIES_BY_KEYS
    USE_EQUALITY_FOR_OBJECT_ID
    WRAP_EXCEPTIONS
    WRAP_ROOT_VALUE
    WRITE_CHAR_ARRAYS_AS_JSON_ARRAYS
    WRITE_EMPTY_JSON_ARRAYS
    WRITE_SELF_REFERENCES_AS_NULL
    WRITE_SINGLE_ELEM_ARRAYS_UNWRAPPED

